<?xml version="1.0" encoding="UTF-8"?>
<!-- Generated by org.testng.reporters.JUnitXMLReporter -->
<testsuite ignored="0" hostname="DESKTOP-FID91T4" failures="0" tests="4" name="test001" time="5.354" errors="0" timestamp="2024-01-20T18:53:10 IST">
  <testcase classname="com.phase3.restassured.RegisterUser001" name="registerUser" time="3.345"/>
  <testcase classname="com.phase3.restassured.GetUser002" name="getUsers" time="0.556"/>
  <testcase classname="com.phase3.restassured.LoginUser003" name="Login_User" time="1.149"/>
  <testcase classname="com.phase3.restassured.LoggingRequest004" name="Logging_Request" time="0.228"/>
</testsuite> <!-- test001 -->
