<?xml version="1.0" encoding="UTF-8"?>
<testng-results ignored="0" total="4" passed="4" failed="0" skipped="0">
  <reporter-output>
  </reporter-output>
  <suite started-at="2024-01-20T18:53:04 IST" name="suite001" finished-at="2024-01-20T18:53:10 IST" duration-ms="5354">
    <groups>
    </groups>
    <test started-at="2024-01-20T18:53:04 IST" name="test001" finished-at="2024-01-20T18:53:10 IST" duration-ms="5354">
      <class name="com.phase3.restassured.RegisterUser001">
        <test-method signature="registerUser()[pri:0, instance:com.phase3.restassured.RegisterUser001@2fb3536e]" started-at="2024-01-20T18:53:04 IST" name="registerUser" finished-at="2024-01-20T18:53:08 IST" duration-ms="3345" status="PASS">
          <reporter-output>
          </reporter-output>
        </test-method> <!-- registerUser -->
      </class> <!-- com.phase3.restassured.RegisterUser001 -->
      <class name="com.phase3.restassured.GetUser002">
        <test-method signature="getUsers()[pri:0, instance:com.phase3.restassured.GetUser002@618425b5]" started-at="2024-01-20T18:53:08 IST" name="getUsers" finished-at="2024-01-20T18:53:08 IST" duration-ms="556" status="PASS">
          <reporter-output>
          </reporter-output>
        </test-method> <!-- getUsers -->
      </class> <!-- com.phase3.restassured.GetUser002 -->
      <class name="com.phase3.restassured.LoggingRequest004">
        <test-method signature="Logging_Request()[pri:0, instance:com.phase3.restassured.LoggingRequest004@543588e6]" started-at="2024-01-20T18:53:09 IST" name="Logging_Request" finished-at="2024-01-20T18:53:10 IST" duration-ms="228" status="PASS">
          <reporter-output>
          </reporter-output>
        </test-method> <!-- Logging_Request -->
      </class> <!-- com.phase3.restassured.LoggingRequest004 -->
      <class name="com.phase3.restassured.LoginUser003">
        <test-method signature="Login_User()[pri:0, instance:com.phase3.restassured.LoginUser003@58695725]" started-at="2024-01-20T18:53:08 IST" name="Login_User" finished-at="2024-01-20T18:53:09 IST" duration-ms="1149" status="PASS">
          <reporter-output>
          </reporter-output>
        </test-method> <!-- Login_User -->
      </class> <!-- com.phase3.restassured.LoginUser003 -->
    </test> <!-- test001 -->
  </suite> <!-- suite001 -->
</testng-results>
